<?xml version="1.0" encoding="utf-8"?><testsuites name="pytest tests"><testsuite name="pytest" errors="0" failures="0" skipped="0" tests="154" time="19.335" timestamp="2026-08-21T13:49:06.102133+00:00" hostname="163807f0aac4"><testcase classname="tests.test_analytics_db" name="test_build_analytics_database_creates_facts_dimensions_and_views" time="0.382" /><testcase classname="tests.test_analytics_views_migration" name="test_analytics_views_are_created_and_migration_is_idempotent" time="0.457" /><testcase classname="tests.test_assistant_analytics" name="test_fetch_uses_allowlisted_path_and_bounded_limit" time="0.042" /><testcase classname="tests.test_assistant_analytics" name="test_fetch_hides_transport_details" time="0.008" /><testcase classname="tests.test_assistant_api" name="test_health_identifies_assistant_service" time="0.005" /><testcase classname="tests.test_assistant_api" name="test_metrics_contract_is_machine_readable" time="0.004" /><testcase classname="tests.test_assistant_api" name="test_answer_request_accepts_django_numeric_conversation_id" time="0.004" /><testcase classname="tests.test_assistant_api" name="test_answer_refuses_to_invent_content_before_engines_are_ready" time="0.010" /><testcase classname="tests.test_assistant_api" name="test_answer_returns_method_and_citations" time="0.014" /><testcase classname="tests.test_assistant_api" name="test_structured_score_reference_keeps_territory_name" time="0.007" /><testcase classname="tests.test_assistant_api" name="test_sql_mode_rejects_missing_internal_token" time="0.004" /><testcase classname="tests.test_assistant_api" name="test_retrieval_returns_ranked_cited_chunks" time="0.003" /><testcase classname="tests.test_assistant_chunking" name="test_chunks_keep_stable_source_and_section_provenance" time="0.003" /><testcase classname="tests.test_assistant_cli" name="test_migrate_reports_applied_versions" time="0.003" /><testcase classname="tests.test_assistant_corpus" name="test_default_registry_contains_only_curated_official_sources" time="0.002" /><testcase classname="tests.test_assistant_corpus" name="test_registry_refuses_unofficial_host" time="0.006" /><testcase classname="tests.test_assistant_generation" name="test_generation_labels_sources_and_data_without_mixing_them" time="0.001" /><testcase classname="tests.test_assistant_generation" name="test_generation_refuses_to_answer_without_evidence" time="0.001" /><testcase classname="tests.test_assistant_generation" name="test_generation_rejects_a_data_citation_without_analytics" time="0.002" /><testcase classname="tests.test_assistant_indexing" name="test_prepare_registry_requires_every_reviewed_revision" time="0.003" /><testcase classname="tests.test_assistant_indexing" name="test_prepared_chunks_include_storage_provenance" time="0.003" /><testcase classname="tests.test_assistant_ingestion" name="test_fetch_source_keeps_main_content_and_provenance" time="0.125" /><testcase classname="tests.test_assistant_ingestion" name="test_fetch_source_refuses_non_html_content" time="0.002" /><testcase classname="tests.test_assistant_ingestion" name="test_fetch_source_accepts_concise_official_definition" time="0.003" /><testcase classname="tests.test_assistant_ingestion" name="test_reviewed_source_change_requires_new_approval" time="0.002" /><testcase classname="tests.test_assistant_intent_executor" name="test_rank_territories_uses_bounded_allowlisted_score_call" time="0.001" /><testcase classname="tests.test_assistant_intent_executor" name="test_compare_periods_calculates_deterministic_change" time="0.001" /><testcase classname="tests.test_assistant_intent_executor" name="test_largest_increase_is_sorted_and_limited" time="0.001" /><testcase classname="tests.test_assistant_intent_executor" name="test_observability_is_reduced_to_freshness_rows" time="0.001" /><testcase classname="tests.test_assistant_intents" name="test_parser_recognizes_allowlisted_intents[Quel est le score du d\xe9partement 59 en 2025-02 ?-get_score]" time="0.001" /><testcase classname="tests.test_assistant_intents" name="test_parser_recognizes_allowlisted_intents[Quels facteurs expliquent le score du d\xe9partement 59 en 2025 ?-get_score_factors]" time="0.001" /><testcase classname="tests.test_assistant_intents" name="test_parser_recognizes_allowlisted_intents[Montre l'\xe9volution du score de la r\xe9gion 32-get_time_series]" time="0.001" /><testcase classname="tests.test_assistant_intents" name="test_parser_recognizes_allowlisted_intents[Compare le d\xe9partement 59 entre 2024 et 2025-compare_periods]" time="0.001" /><testcase classname="tests.test_assistant_intents" name="test_parser_recognizes_allowlisted_intents[Compare les mod\xe8les 1.1.0 et 1.2.0-compare_models]" time="0.001" /><testcase classname="tests.test_assistant_intents" name="test_parser_recognizes_allowlisted_intents[Top des d\xe9partements en 2025-rank_territories]" time="0.001" /><testcase classname="tests.test_assistant_intents" name="test_parser_recognizes_allowlisted_intents[Plus forte hausse par r\xe9gion entre 2024 et 2025-find_largest_increase]" time="0.001" /><testcase classname="tests.test_assistant_intents" name="test_parser_recognizes_allowlisted_intents[Quelle est la fra\xeecheur des donn\xe9es ?-get_data_freshness]" time="0.001" /><testcase classname="tests.test_assistant_intents" name="test_parser_recognizes_allowlisted_intents[Quel est le statut du pipeline d'import ?-get_pipeline_status]" time="0.001" /><testcase classname="tests.test_assistant_intents" name="test_parser_extracts_bounded_parameters" time="0.001" /><testcase classname="tests.test_assistant_intents" name="test_contract_forbids_unknown_fields_and_excessive_limit" time="0.001" /><testcase classname="tests.test_assistant_intents" name="test_unsupported_question_is_rejected" time="0.001" /><testcase classname="tests.test_assistant_openai_provider" name="test_responses_adapter_uses_instructions_and_extracts_text" time="0.001" /><testcase classname="tests.test_assistant_openai_provider" name="test_generator_is_unconfigured_without_key" time="0.001" /><testcase classname="tests.test_assistant_openai_provider" name="test_provider_does_not_expose_remote_error_body" time="0.004" /><testcase classname="tests.test_assistant_orchestration" name="test_document_question_uses_only_reviewed_corpus" time="0.001" /><testcase classname="tests.test_assistant_orchestration" name="test_hybrid_question_keeps_documents_and_analytics_separate" time="0.002" /><testcase classname="tests.test_assistant_orchestration" name="test_structured_score_question_executes_validated_intent" time="0.002" /><testcase classname="tests.test_assistant_repository" name="test_replace_corpus_refuses_empty_input" time="0.001" /><testcase classname="tests.test_assistant_repository" name="test_replace_corpus_is_one_transaction" time="0.001" /><testcase classname="tests.test_assistant_repository" name="test_search_accepts_a_natural_language_question" time="0.002" /><testcase classname="tests.test_assistant_repository" name="test_business_query_expansion_is_domain_bounded" time="0.001" /><testcase classname="tests.test_assistant_routing" name="test_route_question[Que signifie la capacit\xe9 de remboursement ?-documents]" time="0.001" /><testcase classname="tests.test_assistant_routing" name="test_route_question[Quelle est l'\xe9volution du surendettement en France en 2024 ?-analytics]" time="0.001" /><testcase classname="tests.test_assistant_routing" name="test_route_question[Pourquoi le taux augmente-t-il dans ce d\xe9partement ?-hybrid]" time="0.001" /><testcase classname="tests.test_assistant_routing" name="test_route_question[Quelle est la fra\xeecheur des donn\xe9es ?-analytics]" time="0.001" /><testcase classname="tests.test_assistant_routing" name="test_route_question[Quel est le statut du pipeline d'import ?-analytics]" time="0.001" /><testcase classname="tests.test_assistant_storage" name="test_database_configuration_is_explicit" time="0.001" /><testcase classname="tests.test_assistant_storage" name="test_database_configuration_requires_psycopg" time="0.001" /><testcase classname="tests.test_assistant_storage" name="test_corpus_schema_has_a_versioned_first_migration" time="0.001" /><testcase classname="tests.test_configure_analytics_readonly" name="test_role_receives_only_select_on_allowlisted_views" time="0.005" /><testcase classname="tests.test_configure_analytics_readonly" name="test_empty_password_is_rejected_before_database_access" time="0.001" /><testcase classname="tests.test_conversation_routing" name="test_question_categories_are_deterministic[Que signifie l'inflation ?-information-documentary_question]" time="0.001" /><testcase classname="tests.test_conversation_routing" name="test_question_categories_are_deterministic[Score du d\xe9partement 59 en 2025-information-structured_analytics]" time="0.001" /><testcase classname="tests.test_conversation_routing" name="test_question_categories_are_deterministic[Calcule la m\xe9diane des scores-sql-advanced_sql]" time="0.001" /><testcase classname="tests.test_conversation_routing" name="test_question_categories_are_deterministic[Donne-moi absolument tout-information-unsupported]" time="0.001" /><testcase classname="tests.test_conversation_routing" name="test_question_categories_are_deterministic[Quel est le risque de mon dossier ?-sql-sensitive_or_individual_request]" time="0.001" /><testcase classname="tests.test_downloader" name="test_candidate_urls_adds_espaces2_fallback" time="0.004" /><testcase classname="tests.test_downloader" name="test_download_file_skips_existing_target" time="0.002" /><testcase classname="tests.test_downloader" name="test_build_filename_uses_url_slug_to_avoid_unknown_collisions" time="0.001" /><testcase classname="tests.test_inclusion_financiere" name="test_region_month_period_and_number_normalization" time="0.001" /><testcase classname="tests.test_inclusion_financiere" name="test_extract_publication_links_from_listing_fixture" time="0.005" /><testcase classname="tests.test_inclusion_financiere" name="test_fallback_urls_are_parameterized_by_period_and_region" time="0.003" /><testcase classname="tests.test_inclusion_financiere" name="test_discovery_falls_back_when_listing_fails" time="0.002" /><testcase classname="tests.test_inclusion_financiere" name="test_build_metadata_extracts_pdf_from_dom" time="0.026" /><testcase classname="tests.test_inclusion_financiere" name="test_validate_pdf_response_rejects_html_as_pdf" time="0.003" /><testcase classname="tests.test_inclusion_financiere" name="test_extract_observations_from_text_and_idempotence" time="0.001" /><testcase classname="tests.test_inclusion_financiere" name="test_download_retries_and_rejects_fake_pdf" time="0.323" /><testcase classname="tests.test_inclusion_financiere" name="test_load_is_idempotent" time="0.688" /><testcase classname="tests.test_ingest" name="test_normalize_frame_from_wide_table" time="0.072" /><testcase classname="tests.test_ingest" name="test_normalize_frame_handles_duplicate_normalized_columns" time="0.042" /><testcase classname="tests.test_ingest" name="test_normalize_frame_falls_back_to_region_alias_when_no_departement_column" time="0.046" /><testcase classname="tests.test_ingest" name="test_read_pdf_tables_handles_invalid_pdf" time="0.002" /><testcase classname="tests.test_insee_macro_api" name="test_build_donnees_locales_url_for_department" time="0.001" /><testcase classname="tests.test_insee_macro_api" name="test_parse_donnees_locales_xml_extracts_cells" time="0.003" /><testcase classname="tests.test_insee_macro_pipeline" name="test_discover_dossier_complet_downloads_keeps_dataset_links" time="0.004" /><testcase classname="tests.test_insee_macro_pipeline" name="test_build_communes_long_filters_dom_and_keeps_metropolitan_departments" time="0.024" /><testcase classname="tests.test_insee_macro_pipeline" name="test_aggregate_departements_uses_sum_and_mean_rules" time="0.047" /><testcase classname="tests.test_insee_macro_pipeline" name="test_extract_raw_source_reports_incomplete_zip" time="0.004" /><testcase classname="tests.test_parser" name="test_parse_page_links_detects_supported_files_and_metadata" time="0.002" /><testcase classname="tests.test_spider" name="test_spider_crawl_discovers_file_links" time="0.002" /><testcase classname="tests.test_spider" name="test_spider_filters_irrelevant_file_links" time="0.003" /><testcase classname="tests.test_spider" name="test_spider_falls_back_to_base_url_when_custom_seed_unavailable" time="0.002" /><testcase classname="tests.test_sql_audit" name="test_sql_audit_migration_is_versioned" time="0.001" /><testcase classname="tests.test_sql_audit" name="test_sql_audit_is_bounded_and_ignores_unknown_fields" time="0.002" /><testcase classname="tests.test_sql_executor" name="test_executes_explain_then_select_in_readonly_transaction" time="0.015" /><testcase classname="tests.test_sql_executor" name="test_rejects_unsafe_sql_before_connecting" time="0.003" /><testcase classname="tests.test_sql_executor" name="test_rejects_excessive_plan_and_rolls_back" time="0.007" /><testcase classname="tests.test_sql_service" name="test_successful_execution_is_audited" time="0.002" /><testcase classname="tests.test_sql_service" name="test_rejected_sql_is_audited_and_not_hidden" time="0.002" /><testcase classname="tests.test_sql_validation" name="test_accepts_bounded_select_on_allowlisted_view" time="0.003" /><testcase classname="tests.test_sql_validation" name="test_accepts_allowlisted_aggregate_with_boolean_filters" time="0.004" /><testcase classname="tests.test_sql_validation" name="test_rejects_unsafe_sql[DROP TABLE analytics_risk_scores-read_only_required]" time="0.002" /><testcase classname="tests.test_sql_validation" name="test_rejects_unsafe_sql[UPDATE analytics_risk_scores SET score = 0 LIMIT 1-read_only_required]" time="0.002" /><testcase classname="tests.test_sql_validation" name="test_rejects_unsafe_sql[SELECT score FROM analytics_risk_scores LIMIT 1; SELECT 1-multiple_statements]" time="0.002" /><testcase classname="tests.test_sql_validation" name="test_rejects_unsafe_sql[SELECT score FROM analytics_risk_scores -- LIMIT 1-comments_forbidden]" time="0.001" /><testcase classname="tests.test_sql_validation" name="test_rejects_unsafe_sql[SELECT pg_sleep(10) FROM analytics_risk_scores LIMIT 1-function_forbidden]" time="0.005" /><testcase classname="tests.test_sql_validation" name="test_rejects_unsafe_sql[SELECT password FROM auth_user LIMIT 1-table_forbidden]" time="0.002" /><testcase classname="tests.test_sql_validation" name="test_rejects_unsafe_sql[SELECT score FROM analytics_risk_scores-limit_required]" time="0.002" /><testcase classname="tests.test_sql_validation" name="test_rejects_unsafe_sql[SELECT score FROM analytics_risk_scores LIMIT 10000-invalid_limit]" time="0.002" /><testcase classname="tests.test_sql_validation" name="test_rejects_unsafe_sql[SELECT * FROM analytics_risk_scores LIMIT 10-wildcard_forbidden]" time="0.002" /><testcase classname="tests.test_sql_validation" name="test_rejects_unsafe_sql[COPY analytics_risk_scores TO '/tmp/data'-read_only_required]" time="0.002" /><testcase classname="tests.test_sql_validation" name="test_rejects_more_than_three_joins" time="0.005" /><testcase classname="tests.test_statinfo_bi_pipeline" name="test_extract_monthly_publication_links_keeps_only_target_pages" time="0.001" /><testcase classname="tests.test_statinfo_bi_pipeline" name="test_extract_monthly_publication_links_finds_links_inside_escaped_json" time="0.001" /><testcase classname="tests.test_statinfo_bi_pipeline" name="test_extract_publication_pdf_url_prioritizes_target_pdf" time="0.008" /><testcase classname="tests.test_statinfo_bi_pipeline" name="test_extract_publication_pdf_url_finds_pdf_inside_escaped_json" time="0.008" /><testcase classname="tests.test_statinfo_bi_pipeline" name="test_extract_rows_from_text_page_uses_stable_indicator_names" time="0.002" /><testcase classname="tests.test_statinfo_bi_pipeline" name="test_extract_rows_from_text_page_rejoins_split_department_names" time="0.001" /><testcase classname="tests.test_statinfo_bi_pipeline" name="test_extract_rows_from_text_page_accepts_corsica_department_codes" time="0.002" /><testcase classname="tests.test_statinfo_bi_pipeline" name="test_extract_reference_period_prefers_statement_date_over_publication_date" time="0.001" /><testcase classname="tests.test_statinfo_bi_quality" name="test_curate_bi_frame_adds_stable_bi_columns_and_types" time="0.014" /><testcase classname="tests.test_statinfo_bi_quality" name="test_validation_summary_reports_missing_departments_and_no_unknown_indicators" time="0.020" /><testcase classname="tests.test_statinfo_bi_quality" name="test_indicator_dictionary_matches_expected_department_pipeline_scope" time="0.002" /><testcase classname="tests.test_surendettement_macro_mart" name="test_build_surendettement_macro_mart_joins_total_deposits_with_macro" time="0.020" /><testcase classname="tests.test_surendettement_pipeline" name="test_parse_structured_source_accepts_national_department_file" time="0.027" /><testcase classname="tests.test_surendettement_pipeline" name="test_parse_structured_source_rejects_pdf" time="0.003" /><testcase classname="tests.test_surendettement_pipeline" name="test_run_pipeline_rejects_partial_structured_file" time="0.021" /><testcase classname="tests.test_surendettement_pipeline" name="test_parse_structured_source_accepts_regional_department_file" time="0.013" /><testcase classname="tests.test_surendettement_pipeline" name="test_relevant_structured_link_accepts_typologie_without_filings_word" time="0.001" /><testcase classname="tests.test_surendettement_pipeline" name="test_download_all_discovered_selects_generic_structured_links" time="0.002" /><testcase classname="tests.test_surendettement_pipeline" name="test_targeted_start_url_selects_generic_structured_links" time="0.002" /><testcase classname="tests.test_transform" name="test_build_unified_frame_adds_missing_columns" time="0.003" /><testcase classname="app.tests.test_analytics_bridge" name="test_bridge_derives_both_levels_is_idempotent_and_keeps_scores_insufficient" time="0.430" /><testcase classname="app.tests.test_conformed_dimensions" name="test_conformed_dimension_migration_and_integrity" time="0.809" /><testcase classname="app.tests.test_department_debt_import" name="test_department_name_normalization" time="0.004" /><testcase classname="app.tests.test_department_debt_import" name="test_department_import_rejects_unverified_year" time="0.017" /><testcase classname="app.tests.test_endettement_import" name="test_extract_mean_debt_from_department_sheet" time="0.700" /><testcase classname="app.tests.test_filosofi_import" name="test_filosofi_import_enables_region_score_and_stays_idempotent" time="0.677" /><testcase classname="app.tests.test_historical_harmonization" name="test_historical_harmonization_rejects_unknown_year" time="0.003" /><testcase classname="app.tests.test_inflation_import" name="test_parse_insee_series_and_compute_year_on_year_rate" time="0.001" /><testcase classname="app.tests.test_model_comparison" name="test_compare_model_versions" time="0.540" /><testcase classname="app.tests.test_observability" name="test_observability_reports_freshness_integrity_and_missing_data" time="0.930" /><testcase classname="app.tests.test_pipeline_orchestrator" name="test_orchestrator_persists_successful_steps" time="0.607" /><testcase classname="app.tests.test_risk_score" name="test_normalization_and_classification" time="0.006" /><testcase classname="app.tests.test_risk_score" name="test_calculation_missing_weights_levels_units_and_geographies" time="0.728" /><testcase classname="app.tests.test_risk_score" name="test_persistence_upsert_detail_replacement_and_all_periods" time="0.576" /><testcase classname="app.tests.test_risk_score" name="test_api_serialization" time="0.720" /><testcase classname="app.tests.test_risk_score" name="test_legacy_import_is_idempotent_and_supports_corsica" time="0.465" /><testcase classname="app.tests.test_schema_migrations" name="test_schema_migrations_are_idempotent" time="0.584" /><testcase classname="app.tests.test_score_validation" name="test_optional_float_handles_missing_values" time="0.009" /><testcase classname="app.tests.test_sensitivity" name="test_weight_scenarios_are_complete_and_sum_to_one" time="0.008" /><testcase classname="app.tests.test_sensitivity" name="test_fixed_reference_score_renormalizes_available_weights" time="0.004" /><testcase classname="app.tests.views.test_analytics_api" name="test_analytics_api_reads_joined_data_and_creates_override" time="0.181" /><testcase classname="app.tests.views.test_analytics_api" name="test_inclusion_financiere_api_filters_monthly_regional_data" time="0.612" /></testsuite></testsuites>